Case #1: H
Case #2: X
Case #3: F
Case #4: T
Case #5: V
Case #6: C
Case #7: X
Case #8: M
Case #9: Q
Case #10: R
Case #11: G
Case #12: R
Case #13: W
Case #14: N
Case #15: K
Case #16: W
Case #17: N
Case #18: X
Case #19: W
Case #20: C
Case #21: T
Case #22: D
Case #23: U
Case #24: L
Case #25: K
Case #26: Y
Case #27: Q
Case #28: I
Case #29: I
Case #30: R
Case #31: K
Case #32: L
Case #33: U
Case #34: K
Case #35: O
Case #36: W
Case #37: O
Case #38: C
Case #39: J
Case #40: N
Case #41: J
Case #42: S
Case #43: K
Case #44: U
Case #45: B
Case #46: V
Case #47: J
Case #48: C
Case #49: E
Case #50: D
Case #51: J
Case #52: U
Case #53: Y
Case #54: S
Case #55: N
Case #56: K
Case #57: S
Case #58: B
Case #59: Q
Case #60: N
Case #61: F
Case #62: U
Case #63: W
Case #64: J
Case #65: M
Case #66: P
Case #67: G
Case #68: N
Case #69: N
Case #70: V
Case #71: D
Case #72: X
Case #73: O
Case #74: L
Case #75: P
Case #76: N
Case #77: T
Case #78: Y
Case #79: P
Case #80: N
Case #81: U
Case #82: Y
Case #83: D
Case #84: C
Case #85: U
Case #86: W
Case #87: W
Case #88: D
Case #89: K
Case #90: B
Case #91: J
Case #92: O
Case #93: K
Case #94: D
Case #95: F
Case #96: L
Case #97: E
Case #98: Q
Case #99: R
Case #100: C
Case #101: H
Case #102: T
Case #103: W
Case #104: Q
Case #105: R
Case #106: E
Case #107: B
Case #108: P
Case #109: X
Case #110: W
Case #111: V
Case #112: V
Case #113: Y
Case #114: A
Case #115: L
Case #116: Q
Case #117: M
Case #118: E
Case #119: Z
Case #120: S
Case #121: W
Case #122: B
Case #123: K
Case #124: E
Case #125: E
Case #126: L
Case #127: I
Case #128: X
Case #129: S
Case #130: M
Case #131: A
Case #132: P
Case #133: I
Case #134: F
Case #135: V
Case #136: T
Case #137: K
Case #138: I
Case #139: J
Case #140: N
Case #141: V
Case #142: C
Case #143: M
Case #144: A
Case #145: A
Case #146: E
Case #147: O
Case #148: J
Case #149: K
Case #150: E
Case #151: E
Case #152: S
Case #153: M
Case #154: T
Case #155: E
Case #156: N
Case #157: P
Case #158: J
Case #159: J
Case #160: Z
Case #161: C
Case #162: X
Case #163: R
Case #164: V
Case #165: N
Case #166: K
Case #167: N
Case #168: Z
Case #169: L
Case #170: L
Case #171: I
Case #172: R
Case #173: Z
Case #174: F
Case #175: V
Case #176: C
Case #177: X
Case #178: B
Case #179: Y
Case #180: F
Case #181: J
Case #182: M
Case #183: U
Case #184: J
Case #185: D
Case #186: S
Case #187: K
Case #188: M
Case #189: E
Case #190: N
Case #191: F
Case #192: Y
Case #193: Y
Case #194: O
Case #195: O
Case #196: C
Case #197: L
Case #198: V
Case #199: D
Case #200: C
Case #201: H
Case #202: N
Case #203: V
Case #204: C
Case #205: R
Case #206: J
Case #207: S
Case #208: B
Case #209: Q
Case #210: J
Case #211: Z
Case #212: J
Case #213: A
Case #214: K
Case #215: C
Case #216: N
Case #217: P
Case #218: H
Case #219: K
Case #220: G
Case #221: E
Case #222: V
Case #223: P
Case #224: Z
Case #225: F
Case #226: T
Case #227: S
Case #228: D
Case #229: Q
Case #230: S
Case #231: B
Case #232: B
Case #233: B
Case #234: C
Case #235: U
Case #236: O
Case #237: M
Case #238: I
Case #239: F
Case #240: Z
Case #241: W
Case #242: K
Case #243: P
Case #244: E
Case #245: F
Case #246: C
Case #247: I
Case #248: C
Case #249: K
Case #250: I
Case #251: R
Case #252: Y
Case #253: D
Case #254: J
Case #255: Y
Case #256: E
Case #257: G
Case #258: R
Case #259: B
Case #260: G
Case #261: C
Case #262: A
Case #263: Q
Case #264: H
Case #265: J
Case #266: W
Case #267: L
Case #268: H
Case #269: C
Case #270: E
Case #271: J
Case #272: O
Case #273: O
Case #274: X
Case #275: O
Case #276: P
Case #277: H
Case #278: U
Case #279: U
Case #280: J
Case #281: D
Case #282: N
Case #283: P
Case #284: C
Case #285: X
Case #286: F
Case #287: T
Case #288: T
Case #289: D
Case #290: M
Case #291: L
Case #292: M
Case #293: A
Case #294: Q
Case #295: X
Case #296: N
Case #297: F
Case #298: Q
Case #299: S
Case #300: B
Case #301: F
Case #302: A
Case #303: A
Case #304: O
Case #305: M
Case #306: J
Case #307: Y
Case #308: C
Case #309: K
Case #310: U
Case #311: G
Case #312: S
Case #313: H
Case #314: J
Case #315: P
Case #316: C
Case #317: C
Case #318: C
Case #319: Q
Case #320: B
Case #321: W
Case #322: R
Case #323: C
Case #324: H
Case #325: M
Case #326: D
Case #327: G
Case #328: Y
Case #329: W
Case #330: E
Case #331: U
Case #332: B
Case #333: P
Case #334: Z
Case #335: F
Case #336: P
Case #337: Z
Case #338: F
Case #339: W
Case #340: O
Case #341: L
Case #342: Z
Case #343: Z
Case #344: U
Case #345: F
Case #346: K
Case #347: X
Case #348: I
Case #349: E
Case #350: Q
Case #351: C
Case #352: Z
Case #353: Y
Case #354: U
Case #355: B
Case #356: C
Case #357: E
Case #358: R
Case #359: T
Case #360: U
Case #361: R
Case #362: M
Case #363: X
Case #364: L
Case #365: R
Case #366: D
Case #367: X
Case #368: O
Case #369: V
Case #370: Q
Case #371: U
Case #372: R
Case #373: X
Case #374: N
Case #375: R
Case #376: S
Case #377: J
Case #378: A
Case #379: Z
Case #380: A
Case #381: T
Case #382: Y
Case #383: F
Case #384: A
Case #385: P
Case #386: E
Case #387: E
Case #388: G
Case #389: X
Case #390: I
Case #391: E
Case #392: V
Case #393: V
Case #394: A
Case #395: U
Case #396: L
Case #397: L
Case #398: G
Case #399: H
Case #400: D
Case #401: M
Case #402: D
Case #403: R
Case #404: P
Case #405: M
Case #406: V
Case #407: A
Case #408: N
Case #409: D
Case #410: K
Case #411: I
Case #412: W
Case #413: I
Case #414: I
Case #415: L
Case #416: G
Case #417: P
Case #418: Z
Case #419: J
Case #420: L
Case #421: H
Case #422: J
Case #423: A
Case #424: W
Case #425: W
Case #426: V
Case #427: Z
Case #428: P
Case #429: B
Case #430: P
Case #431: Q
Case #432: X
Case #433: B
Case #434: I
Case #435: L
Case #436: T
Case #437: V
Case #438: X
Case #439: J
Case #440: E
Case #441: K
Case #442: H
Case #443: Z
Case #444: N
Case #445: L
Case #446: I
Case #447: C
Case #448: Y
Case #449: W
Case #450: T
Case #451: Z
Case #452: X
Case #453: Y
Case #454: N
Case #455: L
Case #456: P
Case #457: V
Case #458: W
Case #459: Z
Case #460: S
Case #461: S
Case #462: A
Case #463: U
Case #464: C
Case #465: Y
Case #466: R
Case #467: I
Case #468: A
Case #469: T
Case #470: A
Case #471: Y
Case #472: K
Case #473: I
Case #474: G
Case #475: S
Case #476: E
Case #477: R
Case #478: Z
Case #479: R
Case #480: J
Case #481: A
Case #482: X
Case #483: M
Case #484: D
Case #485: V
Case #486: Y
Case #487: K
Case #488: F
Case #489: B
Case #490: J
Case #491: T
Case #492: I
Case #493: H
Case #494: D
Case #495: W
Case #496: W
Case #497: Y
Case #498: Q
Case #499: Z
Case #500: U
Case #501: W
Case #502: K
Case #503: K
Case #504: C
Case #505: F
Case #506: V
Case #507: W
Case #508: E
Case #509: F
Case #510: L
Case #511: W
Case #512: U
Case #513: P
Case #514: J
Case #515: G
Case #516: O
Case #517: Q
Case #518: F
Case #519: C
Case #520: Z
Case #521: K
Case #522: L
Case #523: U
Case #524: Y
Case #525: V
Case #526: Y
Case #527: N
Case #528: Y
Case #529: J
Case #530: O
Case #531: G
Case #532: C
Case #533: Y
Case #534: E
Case #535: O
Case #536: Y
Case #537: H
Case #538: M
Case #539: Z
Case #540: Q
Case #541: R
Case #542: I
Case #543: R
Case #544: I
Case #545: Q
Case #546: O
Case #547: T
Case #548: U
Case #549: Y
Case #550: P
Case #551: Q
Case #552: A
Case #553: E
Case #554: W
Case #555: W
Case #556: K
Case #557: T
Case #558: N
Case #559: F
Case #560: O
Case #561: B
Case #562: D
Case #563: V
Case #564: K
Case #565: V
Case #566: D
Case #567: D
Case #568: T
Case #569: B
Case #570: A
Case #571: E
Case #572: J
Case #573: G
Case #574: T
Case #575: I
Case #576: G
Case #577: N
Case #578: R
Case #579: N
Case #580: A
Case #581: X
Case #582: Z
Case #583: Z
Case #584: U
Case #585: E
Case #586: V
Case #587: V
Case #588: O
Case #589: T
Case #590: W
Case #591: V
Case #592: Q
Case #593: N
Case #594: E
Case #595: J
Case #596: M
Case #597: M
Case #598: L
Case #599: I
Case #600: F
Case #601: O
Case #602: L
Case #603: L
Case #604: L
Case #605: H
Case #606: M
Case #607: U
Case #608: I
Case #609: S
Case #610: X
Case #611: K
Case #612: V
Case #613: D
Case #614: S
Case #615: A
Case #616: L
Case #617: M
Case #618: K
Case #619: P
Case #620: G
Case #621: T
Case #622: V
Case #623: G
Case #624: Y
Case #625: S
Case #626: E
Case #627: G
Case #628: D
Case #629: G
Case #630: J
Case #631: A
Case #632: A
Case #633: O
Case #634: K
Case #635: J
Case #636: U
Case #637: X
Case #638: R
Case #639: N
Case #640: N
Case #641: S
Case #642: I
Case #643: N
Case #644: N
Case #645: U
Case #646: K
Case #647: I
Case #648: R
Case #649: P
Case #650: E
Case #651: B
Case #652: Z
Case #653: D
Case #654: N
Case #655: D
Case #656: L
Case #657: D
Case #658: C
Case #659: X
Case #660: L
Case #661: J
Case #662: A
Case #663: T
Case #664: L
Case #665: B
Case #666: R
Case #667: E
Case #668: H
Case #669: Z
Case #670: Z
Case #671: L
Case #672: X
Case #673: L
Case #674: S
Case #675: E
Case #676: Y
Case #677: O
Case #678: Q
Case #679: K
Case #680: F
Case #681: J
Case #682: P
Case #683: Q
Case #684: Y
Case #685: B
Case #686: E
Case #687: V
Case #688: C
Case #689: Y
Case #690: V
Case #691: K
Case #692: N
Case #693: K
Case #694: H
Case #695: E
Case #696: Q
Case #697: U
Case #698: O
Case #699: X
Case #700: W
Case #701: R
Case #702: W
Case #703: L
Case #704: F
Case #705: J
Case #706: G
Case #707: R
Case #708: C
Case #709: A
Case #710: X
Case #711: X
Case #712: Y
Case #713: K
Case #714: P
Case #715: A
Case #716: C
Case #717: Y
Case #718: N
Case #719: Q
Case #720: P
Case #721: W
Case #722: X
Case #723: D
Case #724: S
Case #725: J
Case #726: M
Case #727: B
Case #728: G
Case #729: Q
Case #730: O
Case #731: B
Case #732: A
Case #733: T
Case #734: F
Case #735: X
Case #736: H
Case #737: T
Case #738: S
Case #739: F
Case #740: E
Case #741: A
Case #742: X
Case #743: X
Case #744: O
Case #745: W
Case #746: D
Case #747: Y
Case #748: U
Case #749: O
Case #750: B
Case #751: H
Case #752: L
Case #753: R
Case #754: J
Case #755: H
Case #756: Q
Case #757: A
Case #758: X
Case #759: Z
Case #760: N
Case #761: H
Case #762: F
Case #763: O
Case #764: Q
Case #765: P
Case #766: K
Case #767: W
Case #768: H
Case #769: U
Case #770: E
Case #771: Z
Case #772: G
Case #773: G
Case #774: P
Case #775: B
Case #776: X
Case #777: J
Case #778: B
Case #779: T
Case #780: K
Case #781: O
Case #782: K
Case #783: H
Case #784: G
Case #785: P
Case #786: A
Case #787: S
Case #788: U
Case #789: P
Case #790: J
Case #791: B
Case #792: X
Case #793: I
Case #794: L
Case #795: K
Case #796: N
Case #797: I
Case #798: T
Case #799: B
Case #800: U
Case #801: C
Case #802: C
Case #803: F
Case #804: Q
Case #805: K
Case #806: B
Case #807: N
Case #808: N
Case #809: Y
Case #810: V
Case #811: J
Case #812: X
Case #813: Z
Case #814: N
Case #815: Z
Case #816: F
Case #817: X
Case #818: V
Case #819: H
Case #820: O
Case #821: D
Case #822: X
Case #823: W
Case #824: L
Case #825: T
Case #826: F
Case #827: X
Case #828: P
Case #829: L
Case #830: U
Case #831: Q
Case #832: B
Case #833: Q
Case #834: F
Case #835: Z
Case #836: P
Case #837: K
Case #838: U
Case #839: A
Case #840: O
Case #841: M
Case #842: S
Case #843: H
Case #844: R
Case #845: R
Case #846: U
Case #847: H
Case #848: O
Case #849: W
Case #850: L
Case #851: S
Case #852: L
Case #853: I
Case #854: H
Case #855: A
Case #856: G
Case #857: G
Case #858: J
Case #859: W
Case #860: K
Case #861: K
Case #862: Q
Case #863: M
Case #864: O
Case #865: G
Case #866: Z
Case #867: Q
Case #868: O
Case #869: W
Case #870: W
Case #871: L
Case #872: F
Case #873: M
Case #874: A
Case #875: N
Case #876: F
Case #877: Q
Case #878: Q
Case #879: Z
Case #880: X
Case #881: G
Case #882: I
Case #883: S
Case #884: A
Case #885: S
Case #886: X
Case #887: Z
Case #888: E
Case #889: T
Case #890: Y
Case #891: Y
Case #892: W
Case #893: B
Case #894: W
Case #895: P
Case #896: T
Case #897: H
Case #898: L
Case #899: Q
Case #900: L
Case #901: M
Case #902: H
Case #903: W
Case #904: Z
Case #905: F
Case #906: I
Case #907: A
Case #908: I
Case #909: Z
Case #910: M
Case #911: L
Case #912: R
Case #913: J
Case #914: U
Case #915: T
Case #916: I
Case #917: J
Case #918: N
Case #919: D
Case #920: B
Case #921: M
Case #922: Y
Case #923: Q
Case #924: J
Case #925: Z
Case #926: O
Case #927: D
Case #928: B
Case #929: V
Case #930: A
Case #931: T
Case #932: K
Case #933: G
Case #934: P
Case #935: P
Case #936: G
Case #937: H
Case #938: Z
Case #939: S
Case #940: E
Case #941: Z
Case #942: C
Case #943: R
Case #944: I
Case #945: C
Case #946: O
Case #947: Q
Case #948: P
Case #949: M
Case #950: V
Case #951: E
Case #952: B
Case #953: H
Case #954: C
Case #955: V
Case #956: S
Case #957: B
Case #958: M
Case #959: V
Case #960: I
Case #961: D
Case #962: Z
Case #963: X
Case #964: K
Case #965: C
Case #966: J
Case #967: S
Case #968: W
Case #969: F
Case #970: L
Case #971: L
Case #972: Y
Case #973: B
Case #974: F
Case #975: O
Case #976: E
Case #977: Z
Case #978: C
Case #979: Q
Case #980: Z
Case #981: K
Case #982: J
Case #983: K
Case #984: A
Case #985: K
Case #986: N
Case #987: D
Case #988: E
Case #989: P
Case #990: I
Case #991: K
Case #992: J
Case #993: D
Case #994: D
Case #995: G
Case #996: S
Case #997: N
Case #998: K
Case #999: U
Case #1000: O